d:\all of my folders\assignment\c++\assignement3\libs\openframeworkscompiled\project\vs\obj\x64\debug\ofbaseapp.obj
d:\all of my folders\assignment\c++\assignement3\libs\openframeworkscompiled\project\vs\obj\x64\debug\ofglrenderer.obj
d:\all of my folders\assignment\c++\assignement3\libs\openframeworkscompiled\project\vs\obj\x64\debug\ofgraphicsbasetypes.obj
d:\all of my folders\assignment\c++\assignement3\libs\openframeworkscompiled\project\vs\obj\x64\debug\ofmath.obj
d:\all of my folders\assignment\c++\assignement3\libs\openframeworkscompiled\project\vs\obj\x64\debug\ofparametergroup.obj
d:\all of my folders\assignment\c++\assignement3\libs\openframeworkscompiled\project\vs\obj\x64\debug\ofapprunner.obj
d:\all of my folders\assignment\c++\assignement3\libs\openframeworkscompiled\project\vs\obj\x64\debug\ofbitmapfont.obj
d:\all of my folders\assignment\c++\assignement3\libs\openframeworkscompiled\project\vs\obj\x64\debug\oftruetypefont.obj
d:\all of my folders\assignment\c++\assignement3\libs\openframeworkscompiled\project\vs\obj\x64\debug\offileutils.obj
d:\all of my folders\assignment\c++\assignement3\libs\openframeworkscompiled\project\vs\obj\x64\debug\ofvideograbber.obj
d:\all of my folders\assignment\c++\assignement3\libs\openframeworkscompiled\project\vs\obj\x64\debug\ofappnowindow.obj
d:\all of my folders\assignment\c++\assignement3\libs\openframeworkscompiled\project\vs\obj\x64\debug\ofshader.obj
d:\all of my folders\assignment\c++\assignement3\libs\openframeworkscompiled\project\vs\obj\x64\debug\ofquaternion.obj
d:\all of my folders\assignment\c++\assignement3\libs\openframeworkscompiled\project\vs\obj\x64\debug\ofbasetypes.obj
d:\all of my folders\assignment\c++\assignement3\libs\openframeworkscompiled\project\vs\obj\x64\debug\ofarduino.obj
d:\all of my folders\assignment\c++\assignement3\libs\openframeworkscompiled\project\vs\obj\x64\debug\ofappglfwwindow.obj
d:\all of my folders\assignment\c++\assignement3\libs\openframeworkscompiled\project\vs\obj\x64\debug\ofvbomesh.obj
d:\all of my folders\assignment\c++\assignement3\libs\openframeworkscompiled\project\vs\obj\x64\debug\oftessellator.obj
d:\all of my folders\assignment\c++\assignement3\libs\openframeworkscompiled\project\vs\obj\x64\debug\ofparameter.obj
d:\all of my folders\assignment\c++\assignement3\libs\openframeworkscompiled\project\vs\obj\x64\debug\ofxml.obj
d:\all of my folders\assignment\c++\assignement3\libs\openframeworkscompiled\project\vs\obj\x64\debug\ofbufferobject.obj
d:\all of my folders\assignment\c++\assignement3\libs\openframeworkscompiled\project\vs\obj\x64\debug\oflight.obj
d:\all of my folders\assignment\c++\assignement3\libs\openframeworkscompiled\project\vs\obj\x64\debug\ofgraphics.obj
d:\all of my folders\assignment\c++\assignement3\libs\openframeworkscompiled\project\vs\obj\x64\debug\ofrtaudiosoundstream.obj
d:\all of my folders\assignment\c++\assignement3\libs\openframeworkscompiled\project\vs\obj\x64\debug\oftimer.obj
d:\all of my folders\assignment\c++\assignement3\libs\openframeworkscompiled\project\vs\obj\x64\debug\ofdirectshowgrabber.obj
d:\all of my folders\assignment\c++\assignement3\libs\openframeworkscompiled\project\vs\obj\x64\debug\ofcamera.obj
d:\all of my folders\assignment\c++\assignement3\libs\openframeworkscompiled\project\vs\obj\x64\debug\oftexture.obj
d:\all of my folders\assignment\c++\assignement3\libs\openframeworkscompiled\project\vs\obj\x64\debug\ofpath.obj
d:\all of my folders\assignment\c++\assignement3\libs\openframeworkscompiled\project\vs\obj\x64\debug\ofsoundbuffer.obj
d:\all of my folders\assignment\c++\assignement3\libs\openframeworkscompiled\project\vs\obj\x64\debug\ofsystemutils.obj
d:\all of my folders\assignment\c++\assignement3\libs\openframeworkscompiled\project\vs\obj\x64\debug\of3dutils.obj
d:\all of my folders\assignment\c++\assignement3\libs\openframeworkscompiled\project\vs\obj\x64\debug\offbo.obj
d:\all of my folders\assignment\c++\assignement3\libs\openframeworkscompiled\project\vs\obj\x64\debug\ofcairorenderer.obj
d:\all of my folders\assignment\c++\assignement3\libs\openframeworkscompiled\project\vs\obj\x64\debug\ofsoundbasetypes.obj
d:\all of my folders\assignment\c++\assignement3\libs\openframeworkscompiled\project\vs\obj\x64\debug\oflog.obj
d:\all of my folders\assignment\c++\assignement3\libs\openframeworkscompiled\project\vs\obj\x64\debug\ofvideoplayer.obj
d:\all of my folders\assignment\c++\assignement3\libs\openframeworkscompiled\project\vs\obj\x64\debug\ofeasycam.obj
d:\all of my folders\assignment\c++\assignement3\libs\openframeworkscompiled\project\vs\obj\x64\debug\ofglprogrammablerenderer.obj
d:\all of my folders\assignment\c++\assignement3\libs\openframeworkscompiled\project\vs\obj\x64\debug\ofmatrix4x4.obj
d:\all of my folders\assignment\c++\assignement3\libs\openframeworkscompiled\project\vs\obj\x64\debug\ofvec4f.obj
d:\all of my folders\assignment\c++\assignement3\libs\openframeworkscompiled\project\vs\obj\x64\debug\ofcolor.obj
d:\all of my folders\assignment\c++\assignement3\libs\openframeworkscompiled\project\vs\obj\x64\debug\ofthread.obj
d:\all of my folders\assignment\c++\assignement3\libs\openframeworkscompiled\project\vs\obj\x64\debug\ofserial.obj
d:\all of my folders\assignment\c++\assignement3\libs\openframeworkscompiled\project\vs\obj\x64\debug\of3dprimitives.obj
d:\all of my folders\assignment\c++\assignement3\libs\openframeworkscompiled\project\vs\obj\x64\debug\ofvbo.obj
d:\all of my folders\assignment\c++\assignement3\libs\openframeworkscompiled\project\vs\obj\x64\debug\ofrenderercollection.obj
d:\all of my folders\assignment\c++\assignement3\libs\openframeworkscompiled\project\vs\obj\x64\debug\ofrectangle.obj
d:\all of my folders\assignment\c++\assignement3\libs\openframeworkscompiled\project\vs\obj\x64\debug\ofdirectshowplayer.obj
d:\all of my folders\assignment\c++\assignement3\libs\openframeworkscompiled\project\vs\obj\x64\debug\ofevents.obj
d:\all of my folders\assignment\c++\assignement3\libs\openframeworkscompiled\project\vs\obj\x64\debug\ofmaterial.obj
d:\all of my folders\assignment\c++\assignement3\libs\openframeworkscompiled\project\vs\obj\x64\debug\ofpixels.obj
d:\all of my folders\assignment\c++\assignement3\libs\openframeworkscompiled\project\vs\obj\x64\debug\ofsoundstream.obj
d:\all of my folders\assignment\c++\assignement3\libs\openframeworkscompiled\project\vs\obj\x64\debug\ofutils.obj
d:\all of my folders\assignment\c++\assignement3\libs\openframeworkscompiled\project\vs\obj\x64\debug\ofmainloop.obj
d:\all of my folders\assignment\c++\assignement3\libs\openframeworkscompiled\project\vs\obj\x64\debug\ofglutils.obj
d:\all of my folders\assignment\c++\assignement3\libs\openframeworkscompiled\project\vs\obj\x64\debug\ofimage.obj
d:\all of my folders\assignment\c++\assignement3\libs\openframeworkscompiled\project\vs\obj\x64\debug\offmodsoundplayer.obj
d:\all of my folders\assignment\c++\assignement3\libs\openframeworkscompiled\project\vs\obj\x64\debug\offpscounter.obj
d:\all of my folders\assignment\c++\assignement3\libs\openframeworkscompiled\project\vs\obj\x64\debug\ofurlfileloader.obj
d:\all of my folders\assignment\c++\assignement3\libs\openframeworkscompiled\project\vs\obj\x64\debug\ofnode.obj
d:\all of my folders\assignment\c++\assignement3\libs\openframeworkscompiled\project\vs\obj\x64\debug\of3dgraphics.obj
d:\all of my folders\assignment\c++\assignement3\libs\openframeworkscompiled\project\vs\obj\x64\debug\ofmatrix3x3.obj
d:\all of my folders\assignment\c++\assignement3\libs\openframeworkscompiled\project\vs\obj\x64\debug\ofvec2f.obj
d:\all of my folders\assignment\c++\assignement3\libs\openframeworkscompiled\project\vs\obj\x64\debug\ofsoundplayer.obj
d:\all of my folders\assignment\c++\assignement3\libs\openframeworkscompiled\project\vs\obj\x64\debug\ofmatrixstack.obj
d:\all of my folders\assignment\c++\assignement3\libs\openframeworkscompiled\project\vs\obj\x64\debug\openframeworkslib.pdb
d:\all of my folders\assignment\c++\assignement3\libs\openframeworkscompiled\lib\vs\x64\openframeworkslib_debug.lib
d:\all of my folders\assignment\c++\assignement3\libs\openframeworkscompiled\project\vs\..\..\lib\vs\x64\openframeworkslib_debug.lib
d:\all of my folders\assignment\c++\assignement3\libs\openframeworkscompiled\project\vs\obj\x64\debug\openfram.5837595d.tlog\cl.12236.write.1.tlog
d:\all of my folders\assignment\c++\assignement3\libs\openframeworkscompiled\project\vs\obj\x64\debug\openfram.5837595d.tlog\cl.command.1.tlog
d:\all of my folders\assignment\c++\assignement3\libs\openframeworkscompiled\project\vs\obj\x64\debug\openfram.5837595d.tlog\cl.read.1.tlog
d:\all of my folders\assignment\c++\assignement3\libs\openframeworkscompiled\project\vs\obj\x64\debug\openfram.5837595d.tlog\lib-link.write.1.tlog
d:\all of my folders\assignment\c++\assignement3\libs\openframeworkscompiled\project\vs\obj\x64\debug\openfram.5837595d.tlog\lib.command.1.tlog
d:\all of my folders\assignment\c++\assignement3\libs\openframeworkscompiled\project\vs\obj\x64\debug\openfram.5837595d.tlog\lib.read.1.tlog
